➡️ [TIME = 2025-11-27T01:52:07.669Z, ID = 01KB1G5EZJK3NGHKEMP80ZBPSK]]
Request: GET /api/docs/
Headers: {"host":"localhost:3000","connection":"keep-alive","upgrade-insecure-requests":"1","user-agent":"Mozilla/5.0 (X11; Linux x86_64) AppleWebKit/537.36 (KHTML, like Gecko) Chrome/142.0.0.0 Safari/537.36","accept":"text/html,application/xhtml+xml,application/xml;q=0.9,image/avif,image/webp,image/apng,*/*;q=0.8,application/signed-exchange;v=b3;q=0.7","sec-fetch-site":"none","sec-fetch-mode":"navigate","sec-fetch-user":"?1","sec-fetch-dest":"document","sec-ch-ua":"\"Chromium\";v=\"142\", \"Google Chrome\";v=\"142\", \"Not_A Brand\";v=\"99\"","sec-ch-ua-mobile":"?0","sec-ch-ua-platform":"\"Linux\"","accept-encoding":"gzip, deflate, br, zstd","accept-language":"vi-VN,vi;q=0.9,fr-FR;q=0.8,fr;q=0.7,en-US;q=0.6,en;q=0.5","cookie":"g_state={\"i_l\":0,\"i_ll\":1764176416174,\"i_b\":\"oX4EoDjwMU5yYeiZVuZXEbGOrKnVtpko/tlpwOrOF6I\"}; sid=4cb045af0d9f49aba108a579ccf7da11","if-none-match":"W/\"c22-H8FH9nKD8DeX/nvIRrte6ZjP2a4\""}
Response: 304 Not Modified; Duration: 3ms
-------------------------------------------------------------------------------------------------------
➡️ [TIME = 2025-11-27T01:52:07.697Z, ID = 01KB1G5F0HRFCNFVXMRS1GSYPV]]
Request: GET /api/docs/swagger-ui-init.js
Headers: {"host":"localhost:3000","connection":"keep-alive","sec-ch-ua-platform":"\"Linux\"","user-agent":"Mozilla/5.0 (X11; Linux x86_64) AppleWebKit/537.36 (KHTML, like Gecko) Chrome/142.0.0.0 Safari/537.36","sec-ch-ua":"\"Chromium\";v=\"142\", \"Google Chrome\";v=\"142\", \"Not_A Brand\";v=\"99\"","sec-ch-ua-mobile":"?0","accept":"*/*","sec-fetch-site":"same-origin","sec-fetch-mode":"no-cors","sec-fetch-dest":"script","referer":"http://localhost:3000/api/docs/","accept-encoding":"gzip, deflate, br, zstd","accept-language":"vi-VN,vi;q=0.9,fr-FR;q=0.8,fr;q=0.7,en-US;q=0.6,en;q=0.5","cookie":"g_state={\"i_l\":0,\"i_ll\":1764176416174,\"i_b\":\"oX4EoDjwMU5yYeiZVuZXEbGOrKnVtpko/tlpwOrOF6I\"}; sid=4cb045af0d9f49aba108a579ccf7da11","if-none-match":"W/\"2ba0-0ZwEhBZtxhrghN8uOMcVaAqxgyA\""}
Response: 304 Not Modified; Duration: 0ms
-------------------------------------------------------------------------------------------------------
➡️ [TIME = 2025-11-27T01:52:07.698Z, ID = 01KB1G5F0DJBHKS3QTN42DKQ7F]]
Request: GET /api/docs/swagger-ui.css
Headers: {"host":"localhost:3000","connection":"keep-alive","sec-ch-ua-platform":"\"Linux\"","user-agent":"Mozilla/5.0 (X11; Linux x86_64) AppleWebKit/537.36 (KHTML, like Gecko) Chrome/142.0.0.0 Safari/537.36","sec-ch-ua":"\"Chromium\";v=\"142\", \"Google Chrome\";v=\"142\", \"Not_A Brand\";v=\"99\"","sec-ch-ua-mobile":"?0","accept":"text/css,*/*;q=0.1","sec-fetch-site":"same-origin","sec-fetch-mode":"no-cors","sec-fetch-dest":"style","referer":"http://localhost:3000/api/docs/","accept-encoding":"gzip, deflate, br, zstd","accept-language":"vi-VN,vi;q=0.9,fr-FR;q=0.8,fr;q=0.7,en-US;q=0.6,en;q=0.5","cookie":"g_state={\"i_l\":0,\"i_ll\":1764176416174,\"i_b\":\"oX4EoDjwMU5yYeiZVuZXEbGOrKnVtpko/tlpwOrOF6I\"}; sid=4cb045af0d9f49aba108a579ccf7da11"}
Response: 200 OK; Duration: 5ms
-------------------------------------------------------------------------------------------------------
➡️ [TIME = 2025-11-27T01:52:07.699Z, ID = 01KB1G5F0FSYASAYMA72M1VPPE]]
Request: GET /api/docs/swagger-ui-standalone-preset.js
Headers: {"host":"localhost:3000","connection":"keep-alive","sec-ch-ua-platform":"\"Linux\"","user-agent":"Mozilla/5.0 (X11; Linux x86_64) AppleWebKit/537.36 (KHTML, like Gecko) Chrome/142.0.0.0 Safari/537.36","sec-ch-ua":"\"Chromium\";v=\"142\", \"Google Chrome\";v=\"142\", \"Not_A Brand\";v=\"99\"","sec-ch-ua-mobile":"?0","accept":"*/*","sec-fetch-site":"same-origin","sec-fetch-mode":"no-cors","sec-fetch-dest":"script","referer":"http://localhost:3000/api/docs/","accept-encoding":"gzip, deflate, br, zstd","accept-language":"vi-VN,vi;q=0.9,fr-FR;q=0.8,fr;q=0.7,en-US;q=0.6,en;q=0.5","cookie":"g_state={\"i_l\":0,\"i_ll\":1764176416174,\"i_b\":\"oX4EoDjwMU5yYeiZVuZXEbGOrKnVtpko/tlpwOrOF6I\"}; sid=4cb045af0d9f49aba108a579ccf7da11"}
Response: 200 OK; Duration: 4ms
-------------------------------------------------------------------------------------------------------
➡️ [TIME = 2025-11-27T01:52:07.702Z, ID = 01KB1G5F0F14RQ2F97HWCTB69F]]
Request: GET /api/docs/swagger-ui-bundle.js
Headers: {"host":"localhost:3000","connection":"keep-alive","sec-ch-ua-platform":"\"Linux\"","user-agent":"Mozilla/5.0 (X11; Linux x86_64) AppleWebKit/537.36 (KHTML, like Gecko) Chrome/142.0.0.0 Safari/537.36","sec-ch-ua":"\"Chromium\";v=\"142\", \"Google Chrome\";v=\"142\", \"Not_A Brand\";v=\"99\"","sec-ch-ua-mobile":"?0","accept":"*/*","sec-fetch-site":"same-origin","sec-fetch-mode":"no-cors","sec-fetch-dest":"script","referer":"http://localhost:3000/api/docs/","accept-encoding":"gzip, deflate, br, zstd","accept-language":"vi-VN,vi;q=0.9,fr-FR;q=0.8,fr;q=0.7,en-US;q=0.6,en;q=0.5","cookie":"g_state={\"i_l\":0,\"i_ll\":1764176416174,\"i_b\":\"oX4EoDjwMU5yYeiZVuZXEbGOrKnVtpko/tlpwOrOF6I\"}; sid=4cb045af0d9f49aba108a579ccf7da11"}
Response: 200 OK; Duration: 7ms
-------------------------------------------------------------------------------------------------------
➡️ [TIME = 2025-11-27T01:52:27.848Z, ID = 01KB1G62NBB04EDJEZP6AAQEP7]]
Request: POST /api/users
Headers: {"host":"localhost:3000","connection":"keep-alive","content-length":"60","sec-ch-ua-platform":"\"Linux\"","user-agent":"Mozilla/5.0 (X11; Linux x86_64) AppleWebKit/537.36 (KHTML, like Gecko) Chrome/142.0.0.0 Safari/537.36","accept":"*/*","sec-ch-ua":"\"Chromium\";v=\"142\", \"Google Chrome\";v=\"142\", \"Not_A Brand\";v=\"99\"","content-type":"application/json","sec-ch-ua-mobile":"?0","origin":"http://localhost:3000","sec-fetch-site":"same-origin","sec-fetch-mode":"cors","sec-fetch-dest":"empty","referer":"http://localhost:3000/api/docs/","accept-encoding":"gzip, deflate, br, zstd","accept-language":"vi-VN,vi;q=0.9,fr-FR;q=0.8,fr;q=0.7,en-US;q=0.6,en;q=0.5","cookie":"g_state={\"i_l\":0,\"i_ll\":1764176416174,\"i_b\":\"oX4EoDjwMU5yYeiZVuZXEbGOrKnVtpko/tlpwOrOF6I\"}; sid=4cb045af0d9f49aba108a579ccf7da11"}
Response: 201 Created; Duration: 29ms
-------------------------------------------------------------------------------------------------------
➡️ [TIME = 2025-11-27T01:52:44.216Z, ID = 01KB1G6JNC0HS2KRDBKRN5NVWM]]
Request: POST /api/todolist
Headers: {"host":"localhost:3000","connection":"keep-alive","content-length":"86","sec-ch-ua-platform":"\"Linux\"","user-agent":"Mozilla/5.0 (X11; Linux x86_64) AppleWebKit/537.36 (KHTML, like Gecko) Chrome/142.0.0.0 Safari/537.36","accept":"*/*","sec-ch-ua":"\"Chromium\";v=\"142\", \"Google Chrome\";v=\"142\", \"Not_A Brand\";v=\"99\"","content-type":"application/json","sec-ch-ua-mobile":"?0","origin":"http://localhost:3000","sec-fetch-site":"same-origin","sec-fetch-mode":"cors","sec-fetch-dest":"empty","referer":"http://localhost:3000/api/docs/","accept-encoding":"gzip, deflate, br, zstd","accept-language":"vi-VN,vi;q=0.9,fr-FR;q=0.8,fr;q=0.7,en-US;q=0.6,en;q=0.5","cookie":"g_state={\"i_l\":0,\"i_ll\":1764176416174,\"i_b\":\"oX4EoDjwMU5yYeiZVuZXEbGOrKnVtpko/tlpwOrOF6I\"}; sid=4cb045af0d9f49aba108a579ccf7da11"}
Response: 201 Created; Duration: 12ms
-------------------------------------------------------------------------------------------------------
➡️ [TIME = 2025-11-27T01:52:50.005Z, ID = 01KB1G6RACARCR5JVQQ5WTE6D0]]
Request: GET /api/todolist
Headers: {"host":"localhost:3000","connection":"keep-alive","sec-ch-ua-platform":"\"Linux\"","user-agent":"Mozilla/5.0 (X11; Linux x86_64) AppleWebKit/537.36 (KHTML, like Gecko) Chrome/142.0.0.0 Safari/537.36","accept":"*/*","sec-ch-ua":"\"Chromium\";v=\"142\", \"Google Chrome\";v=\"142\", \"Not_A Brand\";v=\"99\"","sec-ch-ua-mobile":"?0","sec-fetch-site":"same-origin","sec-fetch-mode":"cors","sec-fetch-dest":"empty","referer":"http://localhost:3000/api/docs/","accept-encoding":"gzip, deflate, br, zstd","accept-language":"vi-VN,vi;q=0.9,fr-FR;q=0.8,fr;q=0.7,en-US;q=0.6,en;q=0.5","cookie":"g_state={\"i_l\":0,\"i_ll\":1764176416174,\"i_b\":\"oX4EoDjwMU5yYeiZVuZXEbGOrKnVtpko/tlpwOrOF6I\"}; sid=4cb045af0d9f49aba108a579ccf7da11"}
Response: 200 OK; Duration: 9ms
-------------------------------------------------------------------------------------------------------
➡️ [TIME = 2025-11-27T01:54:01.519Z, ID = 01KB1G8Y5ENZ6JKXXAPBKH59JX]]
Request: GET /api/docs/
Headers: {"host":"localhost:3000","connection":"keep-alive","cache-control":"max-age=0","sec-ch-ua":"\"Chromium\";v=\"142\", \"Google Chrome\";v=\"142\", \"Not_A Brand\";v=\"99\"","sec-ch-ua-mobile":"?0","sec-ch-ua-platform":"\"Linux\"","upgrade-insecure-requests":"1","user-agent":"Mozilla/5.0 (X11; Linux x86_64) AppleWebKit/537.36 (KHTML, like Gecko) Chrome/142.0.0.0 Safari/537.36","accept":"text/html,application/xhtml+xml,application/xml;q=0.9,image/avif,image/webp,image/apng,*/*;q=0.8,application/signed-exchange;v=b3;q=0.7","sec-fetch-site":"same-origin","sec-fetch-mode":"navigate","sec-fetch-user":"?1","sec-fetch-dest":"document","accept-encoding":"gzip, deflate, br, zstd","accept-language":"vi-VN,vi;q=0.9,fr-FR;q=0.8,fr;q=0.7,en-US;q=0.6,en;q=0.5","cookie":"g_state={\"i_l\":0,\"i_ll\":1764176416174,\"i_b\":\"oX4EoDjwMU5yYeiZVuZXEbGOrKnVtpko/tlpwOrOF6I\"}; sid=4cb045af0d9f49aba108a579ccf7da11","if-none-match":"W/\"c22-H8FH9nKD8DeX/nvIRrte6ZjP2a4\""}
Response: 304 Not Modified; Duration: 1ms
-------------------------------------------------------------------------------------------------------
➡️ [TIME = 2025-11-27T01:54:01.548Z, ID = 01KB1G8Y6A9WEMBBJMFRCVEB82]]
Request: GET /api/docs/swagger-ui.css
Headers: {"host":"localhost:3000","connection":"keep-alive","sec-ch-ua-platform":"\"Linux\"","if-none-match":"W/\"25e4c-19ab4bba198\"","user-agent":"Mozilla/5.0 (X11; Linux x86_64) AppleWebKit/537.36 (KHTML, like Gecko) Chrome/142.0.0.0 Safari/537.36","sec-ch-ua":"\"Chromium\";v=\"142\", \"Google Chrome\";v=\"142\", \"Not_A Brand\";v=\"99\"","if-modified-since":"Mon, 24 Nov 2025 07:19:46 GMT","sec-ch-ua-mobile":"?0","accept":"text/css,*/*;q=0.1","sec-fetch-site":"same-origin","sec-fetch-mode":"no-cors","sec-fetch-dest":"style","referer":"http://localhost:3000/api/docs/","accept-encoding":"gzip, deflate, br, zstd","accept-language":"vi-VN,vi;q=0.9,fr-FR;q=0.8,fr;q=0.7,en-US;q=0.6,en;q=0.5","cookie":"g_state={\"i_l\":0,\"i_ll\":1764176416174,\"i_b\":\"oX4EoDjwMU5yYeiZVuZXEbGOrKnVtpko/tlpwOrOF6I\"}; sid=4cb045af0d9f49aba108a579ccf7da11"}
Response: 304 Not Modified; Duration: 2ms
-------------------------------------------------------------------------------------------------------
➡️ [TIME = 2025-11-27T01:54:01.549Z, ID = 01KB1G8Y6CFC282N005GFDW9ZC]]
Request: GET /api/docs/swagger-ui-bundle.js
Headers: {"host":"localhost:3000","connection":"keep-alive","sec-ch-ua-platform":"\"Linux\"","if-none-match":"W/\"170b0f-19ab4bba1ed\"","user-agent":"Mozilla/5.0 (X11; Linux x86_64) AppleWebKit/537.36 (KHTML, like Gecko) Chrome/142.0.0.0 Safari/537.36","sec-ch-ua":"\"Chromium\";v=\"142\", \"Google Chrome\";v=\"142\", \"Not_A Brand\";v=\"99\"","if-modified-since":"Mon, 24 Nov 2025 07:19:46 GMT","sec-ch-ua-mobile":"?0","accept":"*/*","sec-fetch-site":"same-origin","sec-fetch-mode":"no-cors","sec-fetch-dest":"script","referer":"http://localhost:3000/api/docs/","accept-encoding":"gzip, deflate, br, zstd","accept-language":"vi-VN,vi;q=0.9,fr-FR;q=0.8,fr;q=0.7,en-US;q=0.6,en;q=0.5","cookie":"g_state={\"i_l\":0,\"i_ll\":1764176416174,\"i_b\":\"oX4EoDjwMU5yYeiZVuZXEbGOrKnVtpko/tlpwOrOF6I\"}; sid=4cb045af0d9f49aba108a579ccf7da11"}
Response: 304 Not Modified; Duration: 1ms
-------------------------------------------------------------------------------------------------------
➡️ [TIME = 2025-11-27T01:54:01.550Z, ID = 01KB1G8Y6EAJFFYYJHA6SEDB33]]
Request: GET /api/docs/swagger-ui-init.js
Headers: {"host":"localhost:3000","connection":"keep-alive","sec-ch-ua-platform":"\"Linux\"","if-none-match":"W/\"2ba0-0ZwEhBZtxhrghN8uOMcVaAqxgyA\"","user-agent":"Mozilla/5.0 (X11; Linux x86_64) AppleWebKit/537.36 (KHTML, like Gecko) Chrome/142.0.0.0 Safari/537.36","sec-ch-ua":"\"Chromium\";v=\"142\", \"Google Chrome\";v=\"142\", \"Not_A Brand\";v=\"99\"","sec-ch-ua-mobile":"?0","accept":"*/*","sec-fetch-site":"same-origin","sec-fetch-mode":"no-cors","sec-fetch-dest":"script","referer":"http://localhost:3000/api/docs/","accept-encoding":"gzip, deflate, br, zstd","accept-language":"vi-VN,vi;q=0.9,fr-FR;q=0.8,fr;q=0.7,en-US;q=0.6,en;q=0.5","cookie":"g_state={\"i_l\":0,\"i_ll\":1764176416174,\"i_b\":\"oX4EoDjwMU5yYeiZVuZXEbGOrKnVtpko/tlpwOrOF6I\"}; sid=4cb045af0d9f49aba108a579ccf7da11"}
Response: 304 Not Modified; Duration: 0ms
-------------------------------------------------------------------------------------------------------
➡️ [TIME = 2025-11-27T01:54:01.550Z, ID = 01KB1G8Y6D79DBX02Q7FM8P5FG]]
Request: GET /api/docs/swagger-ui-standalone-preset.js
Headers: {"host":"localhost:3000","connection":"keep-alive","sec-ch-ua-platform":"\"Linux\"","if-none-match":"W/\"3d1df-19ab4bba462\"","user-agent":"Mozilla/5.0 (X11; Linux x86_64) AppleWebKit/537.36 (KHTML, like Gecko) Chrome/142.0.0.0 Safari/537.36","sec-ch-ua":"\"Chromium\";v=\"142\", \"Google Chrome\";v=\"142\", \"Not_A Brand\";v=\"99\"","if-modified-since":"Mon, 24 Nov 2025 07:19:47 GMT","sec-ch-ua-mobile":"?0","accept":"*/*","sec-fetch-site":"same-origin","sec-fetch-mode":"no-cors","sec-fetch-dest":"script","referer":"http://localhost:3000/api/docs/","accept-encoding":"gzip, deflate, br, zstd","accept-language":"vi-VN,vi;q=0.9,fr-FR;q=0.8,fr;q=0.7,en-US;q=0.6,en;q=0.5","cookie":"g_state={\"i_l\":0,\"i_ll\":1764176416174,\"i_b\":\"oX4EoDjwMU5yYeiZVuZXEbGOrKnVtpko/tlpwOrOF6I\"}; sid=4cb045af0d9f49aba108a579ccf7da11"}
Response: 304 Not Modified; Duration: 1ms
-------------------------------------------------------------------------------------------------------
➡️ [TIME = 2025-11-27T01:54:01.715Z, ID = 01KB1G8YBJFK755C15QSZF5VYG]]
Request: GET /api/docs/favicon-32x32.png
Headers: {"host":"localhost:3000","connection":"keep-alive","sec-ch-ua-platform":"\"Linux\"","user-agent":"Mozilla/5.0 (X11; Linux x86_64) AppleWebKit/537.36 (KHTML, like Gecko) Chrome/142.0.0.0 Safari/537.36","sec-ch-ua":"\"Chromium\";v=\"142\", \"Google Chrome\";v=\"142\", \"Not_A Brand\";v=\"99\"","sec-ch-ua-mobile":"?0","accept":"image/avif,image/webp,image/apng,image/svg+xml,image/*,*/*;q=0.8","sec-fetch-site":"same-origin","sec-fetch-mode":"no-cors","sec-fetch-dest":"image","referer":"http://localhost:3000/api/docs/","accept-encoding":"gzip, deflate, br, zstd","accept-language":"vi-VN,vi;q=0.9,fr-FR;q=0.8,fr;q=0.7,en-US;q=0.6,en;q=0.5","cookie":"g_state={\"i_l\":0,\"i_ll\":1764176416174,\"i_b\":\"oX4EoDjwMU5yYeiZVuZXEbGOrKnVtpko/tlpwOrOF6I\"}; sid=4cb045af0d9f49aba108a579ccf7da11","if-none-match":"W/\"274-19ab4bba702\"","if-modified-since":"Mon, 24 Nov 2025 07:19:48 GMT"}
Response: 304 Not Modified; Duration: 1ms
-------------------------------------------------------------------------------------------------------
➡️ [TIME = 2025-11-27T01:54:09.139Z, ID = 01KB1G95KF321Z8S8CKZMVE24Y]]
Request: GET /api/todolist
Headers: {"host":"localhost:3000","connection":"keep-alive","sec-ch-ua-platform":"\"Linux\"","user-agent":"Mozilla/5.0 (X11; Linux x86_64) AppleWebKit/537.36 (KHTML, like Gecko) Chrome/142.0.0.0 Safari/537.36","accept":"*/*","sec-ch-ua":"\"Chromium\";v=\"142\", \"Google Chrome\";v=\"142\", \"Not_A Brand\";v=\"99\"","sec-ch-ua-mobile":"?0","sec-fetch-site":"same-origin","sec-fetch-mode":"cors","sec-fetch-dest":"empty","referer":"http://localhost:3000/api/docs/","accept-encoding":"gzip, deflate, br, zstd","accept-language":"vi-VN,vi;q=0.9,fr-FR;q=0.8,fr;q=0.7,en-US;q=0.6,en;q=0.5","cookie":"g_state={\"i_l\":0,\"i_ll\":1764176416174,\"i_b\":\"oX4EoDjwMU5yYeiZVuZXEbGOrKnVtpko/tlpwOrOF6I\"}; sid=4cb045af0d9f49aba108a579ccf7da11","if-none-match":"W/\"2ed-on8af4epe28HwHnIatpTWj+fPcw\""}
Response: 304 Not Modified; Duration: 4ms
-------------------------------------------------------------------------------------------------------
➡️ [TIME = 2025-11-27T01:59:58.912Z, ID = 01KB1GKV5QVSRHJ9AACEEX027M]]
Request: GET /api/todolist/692438bbf5d1354c2743b976
Headers: {"user-agent":"PostmanRuntime/7.49.1","accept":"*/*","cache-control":"no-cache","postman-token":"32c2855b-1d4e-4fdc-8fb5-d97e892a7e6b","host":"localhost:3000","accept-encoding":"gzip, deflate, br","connection":"keep-alive","content-type":"multipart/form-data; boundary=--------------------------709788399755154662239456","content-length":"1205941"}
Response: 200 OK; Duration: 9ms
-------------------------------------------------------------------------------------------------------
➡️ [TIME = 2025-11-27T02:00:10.818Z, ID = 01KB1GM6T1EKEZYFENA7V7P3B2]]
Request: GET /api/docs/
Headers: {"host":"localhost:3000","connection":"keep-alive","cache-control":"max-age=0","sec-ch-ua":"\"Chromium\";v=\"142\", \"Google Chrome\";v=\"142\", \"Not_A Brand\";v=\"99\"","sec-ch-ua-mobile":"?0","sec-ch-ua-platform":"\"Linux\"","upgrade-insecure-requests":"1","user-agent":"Mozilla/5.0 (X11; Linux x86_64) AppleWebKit/537.36 (KHTML, like Gecko) Chrome/142.0.0.0 Safari/537.36","accept":"text/html,application/xhtml+xml,application/xml;q=0.9,image/avif,image/webp,image/apng,*/*;q=0.8,application/signed-exchange;v=b3;q=0.7","sec-fetch-site":"same-origin","sec-fetch-mode":"navigate","sec-fetch-user":"?1","sec-fetch-dest":"document","accept-encoding":"gzip, deflate, br, zstd","accept-language":"vi-VN,vi;q=0.9,fr-FR;q=0.8,fr;q=0.7,en-US;q=0.6,en;q=0.5","cookie":"g_state={\"i_l\":0,\"i_ll\":1764176416174,\"i_b\":\"oX4EoDjwMU5yYeiZVuZXEbGOrKnVtpko/tlpwOrOF6I\"}; sid=4cb045af0d9f49aba108a579ccf7da11","if-none-match":"W/\"c22-H8FH9nKD8DeX/nvIRrte6ZjP2a4\""}
Response: 304 Not Modified; Duration: 1ms
-------------------------------------------------------------------------------------------------------
➡️ [TIME = 2025-11-27T02:00:10.846Z, ID = 01KB1GM6TXY60DBH6730S30Q6J]]
Request: GET /api/docs/swagger-ui.css
Headers: {"host":"localhost:3000","connection":"keep-alive","sec-ch-ua-platform":"\"Linux\"","user-agent":"Mozilla/5.0 (X11; Linux x86_64) AppleWebKit/537.36 (KHTML, like Gecko) Chrome/142.0.0.0 Safari/537.36","sec-ch-ua":"\"Chromium\";v=\"142\", \"Google Chrome\";v=\"142\", \"Not_A Brand\";v=\"99\"","sec-ch-ua-mobile":"?0","accept":"text/css,*/*;q=0.1","sec-fetch-site":"same-origin","sec-fetch-mode":"no-cors","sec-fetch-dest":"style","referer":"http://localhost:3000/api/docs/","accept-encoding":"gzip, deflate, br, zstd","accept-language":"vi-VN,vi;q=0.9,fr-FR;q=0.8,fr;q=0.7,en-US;q=0.6,en;q=0.5","cookie":"g_state={\"i_l\":0,\"i_ll\":1764176416174,\"i_b\":\"oX4EoDjwMU5yYeiZVuZXEbGOrKnVtpko/tlpwOrOF6I\"}; sid=4cb045af0d9f49aba108a579ccf7da11","if-none-match":"W/\"25e4c-19ab4bba198\"","if-modified-since":"Mon, 24 Nov 2025 07:19:46 GMT"}
Response: 304 Not Modified; Duration: 1ms
-------------------------------------------------------------------------------------------------------
➡️ [TIME = 2025-11-27T02:00:10.848Z, ID = 01KB1GM6TZASXC98E08KTQNXQ4]]
Request: GET /api/docs/swagger-ui-bundle.js
Headers: {"host":"localhost:3000","connection":"keep-alive","sec-ch-ua-platform":"\"Linux\"","user-agent":"Mozilla/5.0 (X11; Linux x86_64) AppleWebKit/537.36 (KHTML, like Gecko) Chrome/142.0.0.0 Safari/537.36","sec-ch-ua":"\"Chromium\";v=\"142\", \"Google Chrome\";v=\"142\", \"Not_A Brand\";v=\"99\"","sec-ch-ua-mobile":"?0","accept":"*/*","sec-fetch-site":"same-origin","sec-fetch-mode":"no-cors","sec-fetch-dest":"script","referer":"http://localhost:3000/api/docs/","accept-encoding":"gzip, deflate, br, zstd","accept-language":"vi-VN,vi;q=0.9,fr-FR;q=0.8,fr;q=0.7,en-US;q=0.6,en;q=0.5","cookie":"g_state={\"i_l\":0,\"i_ll\":1764176416174,\"i_b\":\"oX4EoDjwMU5yYeiZVuZXEbGOrKnVtpko/tlpwOrOF6I\"}; sid=4cb045af0d9f49aba108a579ccf7da11","if-none-match":"W/\"170b0f-19ab4bba1ed\"","if-modified-since":"Mon, 24 Nov 2025 07:19:46 GMT"}
Response: 304 Not Modified; Duration: 1ms
-------------------------------------------------------------------------------------------------------
➡️ [TIME = 2025-11-27T02:00:10.849Z, ID = 01KB1GM6V0YSW1G42H2BHYT1JF]]
Request: GET /api/docs/swagger-ui-standalone-preset.js
Headers: {"host":"localhost:3000","connection":"keep-alive","sec-ch-ua-platform":"\"Linux\"","user-agent":"Mozilla/5.0 (X11; Linux x86_64) AppleWebKit/537.36 (KHTML, like Gecko) Chrome/142.0.0.0 Safari/537.36","sec-ch-ua":"\"Chromium\";v=\"142\", \"Google Chrome\";v=\"142\", \"Not_A Brand\";v=\"99\"","sec-ch-ua-mobile":"?0","accept":"*/*","sec-fetch-site":"same-origin","sec-fetch-mode":"no-cors","sec-fetch-dest":"script","referer":"http://localhost:3000/api/docs/","accept-encoding":"gzip, deflate, br, zstd","accept-language":"vi-VN,vi;q=0.9,fr-FR;q=0.8,fr;q=0.7,en-US;q=0.6,en;q=0.5","cookie":"g_state={\"i_l\":0,\"i_ll\":1764176416174,\"i_b\":\"oX4EoDjwMU5yYeiZVuZXEbGOrKnVtpko/tlpwOrOF6I\"}; sid=4cb045af0d9f49aba108a579ccf7da11","if-none-match":"W/\"3d1df-19ab4bba462\"","if-modified-since":"Mon, 24 Nov 2025 07:19:47 GMT"}
Response: 304 Not Modified; Duration: 1ms
-------------------------------------------------------------------------------------------------------
➡️ [TIME = 2025-11-27T02:00:10.849Z, ID = 01KB1GM6V13RHT4EGFZ4S74CNA]]
Request: GET /api/docs/swagger-ui-init.js
Headers: {"host":"localhost:3000","connection":"keep-alive","sec-ch-ua-platform":"\"Linux\"","user-agent":"Mozilla/5.0 (X11; Linux x86_64) AppleWebKit/537.36 (KHTML, like Gecko) Chrome/142.0.0.0 Safari/537.36","sec-ch-ua":"\"Chromium\";v=\"142\", \"Google Chrome\";v=\"142\", \"Not_A Brand\";v=\"99\"","sec-ch-ua-mobile":"?0","accept":"*/*","sec-fetch-site":"same-origin","sec-fetch-mode":"no-cors","sec-fetch-dest":"script","referer":"http://localhost:3000/api/docs/","accept-encoding":"gzip, deflate, br, zstd","accept-language":"vi-VN,vi;q=0.9,fr-FR;q=0.8,fr;q=0.7,en-US;q=0.6,en;q=0.5","cookie":"g_state={\"i_l\":0,\"i_ll\":1764176416174,\"i_b\":\"oX4EoDjwMU5yYeiZVuZXEbGOrKnVtpko/tlpwOrOF6I\"}; sid=4cb045af0d9f49aba108a579ccf7da11","if-none-match":"W/\"2ba0-0ZwEhBZtxhrghN8uOMcVaAqxgyA\""}
Response: 304 Not Modified; Duration: 0ms
-------------------------------------------------------------------------------------------------------
➡️ [TIME = 2025-11-27T02:00:10.941Z, ID = 01KB1GM6XX93JNFWRF2N6ZFMPX]]
Request: GET /api/docs/favicon-32x32.png
Headers: {"host":"localhost:3000","connection":"keep-alive","sec-ch-ua-platform":"\"Linux\"","user-agent":"Mozilla/5.0 (X11; Linux x86_64) AppleWebKit/537.36 (KHTML, like Gecko) Chrome/142.0.0.0 Safari/537.36","sec-ch-ua":"\"Chromium\";v=\"142\", \"Google Chrome\";v=\"142\", \"Not_A Brand\";v=\"99\"","sec-ch-ua-mobile":"?0","accept":"image/avif,image/webp,image/apng,image/svg+xml,image/*,*/*;q=0.8","sec-fetch-site":"same-origin","sec-fetch-mode":"no-cors","sec-fetch-dest":"image","referer":"http://localhost:3000/api/docs/","accept-encoding":"gzip, deflate, br, zstd","accept-language":"vi-VN,vi;q=0.9,fr-FR;q=0.8,fr;q=0.7,en-US;q=0.6,en;q=0.5","cookie":"g_state={\"i_l\":0,\"i_ll\":1764176416174,\"i_b\":\"oX4EoDjwMU5yYeiZVuZXEbGOrKnVtpko/tlpwOrOF6I\"}; sid=4cb045af0d9f49aba108a579ccf7da11","if-none-match":"W/\"274-19ab4bba702\"","if-modified-since":"Mon, 24 Nov 2025 07:19:48 GMT"}
Response: 304 Not Modified; Duration: 0ms
-------------------------------------------------------------------------------------------------------
➡️ [TIME = 2025-11-27T02:00:47.848Z, ID = 01KB1GNAYXSKPAQ0EZVWH5YJW6]]
Request: PATCH /api/todolist/692438bbf5d1354c2743b976
Headers: {"host":"localhost:3000","connection":"keep-alive","content-length":"31","sec-ch-ua-platform":"\"Linux\"","user-agent":"Mozilla/5.0 (X11; Linux x86_64) AppleWebKit/537.36 (KHTML, like Gecko) Chrome/142.0.0.0 Safari/537.36","accept":"*/*","sec-ch-ua":"\"Chromium\";v=\"142\", \"Google Chrome\";v=\"142\", \"Not_A Brand\";v=\"99\"","content-type":"application/json","sec-ch-ua-mobile":"?0","origin":"http://localhost:3000","sec-fetch-site":"same-origin","sec-fetch-mode":"cors","sec-fetch-dest":"empty","referer":"http://localhost:3000/api/docs/","accept-encoding":"gzip, deflate, br, zstd","accept-language":"vi-VN,vi;q=0.9,fr-FR;q=0.8,fr;q=0.7,en-US;q=0.6,en;q=0.5","cookie":"g_state={\"i_l\":0,\"i_ll\":1764176416174,\"i_b\":\"oX4EoDjwMU5yYeiZVuZXEbGOrKnVtpko/tlpwOrOF6I\"}; sid=4cb045af0d9f49aba108a579ccf7da11"}
Response: 200 OK; Duration: 11ms
-------------------------------------------------------------------------------------------------------
➡️ [TIME = 2025-11-27T02:00:56.186Z, ID = 01KB1GNK3P0XEF9YZ5QFWB2VCX]]
Request: GET /api/todolist
Headers: {"host":"localhost:3000","connection":"keep-alive","sec-ch-ua-platform":"\"Linux\"","user-agent":"Mozilla/5.0 (X11; Linux x86_64) AppleWebKit/537.36 (KHTML, like Gecko) Chrome/142.0.0.0 Safari/537.36","accept":"*/*","sec-ch-ua":"\"Chromium\";v=\"142\", \"Google Chrome\";v=\"142\", \"Not_A Brand\";v=\"99\"","sec-ch-ua-mobile":"?0","sec-fetch-site":"same-origin","sec-fetch-mode":"cors","sec-fetch-dest":"empty","referer":"http://localhost:3000/api/docs/","accept-encoding":"gzip, deflate, br, zstd","accept-language":"vi-VN,vi;q=0.9,fr-FR;q=0.8,fr;q=0.7,en-US;q=0.6,en;q=0.5","cookie":"g_state={\"i_l\":0,\"i_ll\":1764176416174,\"i_b\":\"oX4EoDjwMU5yYeiZVuZXEbGOrKnVtpko/tlpwOrOF6I\"}; sid=4cb045af0d9f49aba108a579ccf7da11","if-none-match":"W/\"2ed-on8af4epe28HwHnIatpTWj+fPcw\""}
Response: 200 OK; Duration: 4ms
-------------------------------------------------------------------------------------------------------
➡️ [TIME = 2025-11-27T02:03:05.102Z, ID = 01KB1GSH04KWBRBPJE95G2858X]]
Request: DELETE /api/todolist/692438bbf5d1354c2743b976
Headers: {"host":"localhost:3000","connection":"keep-alive","sec-ch-ua-platform":"\"Linux\"","user-agent":"Mozilla/5.0 (X11; Linux x86_64) AppleWebKit/537.36 (KHTML, like Gecko) Chrome/142.0.0.0 Safari/537.36","accept":"*/*","sec-ch-ua":"\"Chromium\";v=\"142\", \"Google Chrome\";v=\"142\", \"Not_A Brand\";v=\"99\"","sec-ch-ua-mobile":"?0","origin":"http://localhost:3000","sec-fetch-site":"same-origin","sec-fetch-mode":"cors","sec-fetch-dest":"empty","referer":"http://localhost:3000/api/docs/","accept-encoding":"gzip, deflate, br, zstd","accept-language":"vi-VN,vi;q=0.9,fr-FR;q=0.8,fr;q=0.7,en-US;q=0.6,en;q=0.5","cookie":"g_state={\"i_l\":0,\"i_ll\":1764176416174,\"i_b\":\"oX4EoDjwMU5yYeiZVuZXEbGOrKnVtpko/tlpwOrOF6I\"}; sid=4cb045af0d9f49aba108a579ccf7da11"}
Response: 204 No Content; Duration: 10ms
-------------------------------------------------------------------------------------------------------
➡️ [TIME = 2025-11-27T02:03:44.206Z, ID = 01KB1GTQ5FWBTFA6KYR6HXA9C0]]
Request: PATCH /api/todolist/692438bbf5d1354c2743b976
Headers: {"host":"localhost:3000","connection":"keep-alive","content-length":"31","sec-ch-ua-platform":"\"Linux\"","user-agent":"Mozilla/5.0 (X11; Linux x86_64) AppleWebKit/537.36 (KHTML, like Gecko) Chrome/142.0.0.0 Safari/537.36","accept":"*/*","sec-ch-ua":"\"Chromium\";v=\"142\", \"Google Chrome\";v=\"142\", \"Not_A Brand\";v=\"99\"","content-type":"application/json","sec-ch-ua-mobile":"?0","origin":"http://localhost:3000","sec-fetch-site":"same-origin","sec-fetch-mode":"cors","sec-fetch-dest":"empty","referer":"http://localhost:3000/api/docs/","accept-encoding":"gzip, deflate, br, zstd","accept-language":"vi-VN,vi;q=0.9,fr-FR;q=0.8,fr;q=0.7,en-US;q=0.6,en;q=0.5","cookie":"g_state={\"i_l\":0,\"i_ll\":1764176416174,\"i_b\":\"oX4EoDjwMU5yYeiZVuZXEbGOrKnVtpko/tlpwOrOF6I\"}; sid=4cb045af0d9f49aba108a579ccf7da11"}
Response: 500 Internal Server Error; Duration: 31ms
-------------------------------------------------------------------------------------------------------
➡️ [TIME = 2025-11-27T02:03:57.423Z, ID = 01KB1GV43AJFW6RKKPN3QBZSRG]]
Request: GET /api/todolist
Headers: {"host":"localhost:3000","connection":"keep-alive","sec-ch-ua-platform":"\"Linux\"","user-agent":"Mozilla/5.0 (X11; Linux x86_64) AppleWebKit/537.36 (KHTML, like Gecko) Chrome/142.0.0.0 Safari/537.36","accept":"*/*","sec-ch-ua":"\"Chromium\";v=\"142\", \"Google Chrome\";v=\"142\", \"Not_A Brand\";v=\"99\"","sec-ch-ua-mobile":"?0","sec-fetch-site":"same-origin","sec-fetch-mode":"cors","sec-fetch-dest":"empty","referer":"http://localhost:3000/api/docs/","accept-encoding":"gzip, deflate, br, zstd","accept-language":"vi-VN,vi;q=0.9,fr-FR;q=0.8,fr;q=0.7,en-US;q=0.6,en;q=0.5","cookie":"g_state={\"i_l\":0,\"i_ll\":1764176416174,\"i_b\":\"oX4EoDjwMU5yYeiZVuZXEbGOrKnVtpko/tlpwOrOF6I\"}; sid=4cb045af0d9f49aba108a579ccf7da11","if-none-match":"W/\"2fa-JLe9SVXow5wKCM60wozLcQLIP0A\""}
Response: 200 OK; Duration: 5ms
-------------------------------------------------------------------------------------------------------
➡️ [TIME = 2025-11-27T03:08:23.300Z, ID = 01KB1MH3C07PXWTG9WDMMSA0QY]]
Request: GET /api/docs/
Headers: {"host":"localhost:3000","connection":"keep-alive","cache-control":"max-age=0","sec-ch-ua":"\"Chromium\";v=\"142\", \"Google Chrome\";v=\"142\", \"Not_A Brand\";v=\"99\"","sec-ch-ua-mobile":"?0","sec-ch-ua-platform":"\"Linux\"","upgrade-insecure-requests":"1","user-agent":"Mozilla/5.0 (X11; Linux x86_64) AppleWebKit/537.36 (KHTML, like Gecko) Chrome/142.0.0.0 Safari/537.36","accept":"text/html,application/xhtml+xml,application/xml;q=0.9,image/avif,image/webp,image/apng,*/*;q=0.8,application/signed-exchange;v=b3;q=0.7","sec-fetch-site":"same-origin","sec-fetch-mode":"navigate","sec-fetch-user":"?1","sec-fetch-dest":"document","accept-encoding":"gzip, deflate, br, zstd","accept-language":"vi-VN,vi;q=0.9,fr-FR;q=0.8,fr;q=0.7,en-US;q=0.6,en;q=0.5","cookie":"g_state={\"i_l\":0,\"i_ll\":1764176416174,\"i_b\":\"oX4EoDjwMU5yYeiZVuZXEbGOrKnVtpko/tlpwOrOF6I\"}; sid=4cb045af0d9f49aba108a579ccf7da11","if-none-match":"W/\"c22-H8FH9nKD8DeX/nvIRrte6ZjP2a4\""}
Response: 304 Not Modified; Duration: 4ms
-------------------------------------------------------------------------------------------------------
➡️ [TIME = 2025-11-27T03:08:23.329Z, ID = 01KB1MH3CZG8PK1TPH01ZBBWT2]]
Request: GET /api/docs/swagger-ui.css
Headers: {"host":"localhost:3000","connection":"keep-alive","sec-ch-ua-platform":"\"Linux\"","user-agent":"Mozilla/5.0 (X11; Linux x86_64) AppleWebKit/537.36 (KHTML, like Gecko) Chrome/142.0.0.0 Safari/537.36","sec-ch-ua":"\"Chromium\";v=\"142\", \"Google Chrome\";v=\"142\", \"Not_A Brand\";v=\"99\"","sec-ch-ua-mobile":"?0","accept":"text/css,*/*;q=0.1","sec-fetch-site":"same-origin","sec-fetch-mode":"no-cors","sec-fetch-dest":"style","referer":"http://localhost:3000/api/docs/","accept-encoding":"gzip, deflate, br, zstd","accept-language":"vi-VN,vi;q=0.9,fr-FR;q=0.8,fr;q=0.7,en-US;q=0.6,en;q=0.5","cookie":"g_state={\"i_l\":0,\"i_ll\":1764176416174,\"i_b\":\"oX4EoDjwMU5yYeiZVuZXEbGOrKnVtpko/tlpwOrOF6I\"}; sid=4cb045af0d9f49aba108a579ccf7da11","if-none-match":"W/\"25e4c-19ab4bba198\"","if-modified-since":"Mon, 24 Nov 2025 07:19:46 GMT"}
Response: 304 Not Modified; Duration: 2ms
-------------------------------------------------------------------------------------------------------
➡️ [TIME = 2025-11-27T03:08:23.331Z, ID = 01KB1MH3D28HQ1PM6023NG9SYY]]
Request: GET /api/docs/swagger-ui-bundle.js
Headers: {"host":"localhost:3000","connection":"keep-alive","sec-ch-ua-platform":"\"Linux\"","user-agent":"Mozilla/5.0 (X11; Linux x86_64) AppleWebKit/537.36 (KHTML, like Gecko) Chrome/142.0.0.0 Safari/537.36","sec-ch-ua":"\"Chromium\";v=\"142\", \"Google Chrome\";v=\"142\", \"Not_A Brand\";v=\"99\"","sec-ch-ua-mobile":"?0","accept":"*/*","sec-fetch-site":"same-origin","sec-fetch-mode":"no-cors","sec-fetch-dest":"script","referer":"http://localhost:3000/api/docs/","accept-encoding":"gzip, deflate, br, zstd","accept-language":"vi-VN,vi;q=0.9,fr-FR;q=0.8,fr;q=0.7,en-US;q=0.6,en;q=0.5","cookie":"g_state={\"i_l\":0,\"i_ll\":1764176416174,\"i_b\":\"oX4EoDjwMU5yYeiZVuZXEbGOrKnVtpko/tlpwOrOF6I\"}; sid=4cb045af0d9f49aba108a579ccf7da11","if-none-match":"W/\"170b0f-19ab4bba1ed\"","if-modified-since":"Mon, 24 Nov 2025 07:19:46 GMT"}
Response: 304 Not Modified; Duration: 1ms
-------------------------------------------------------------------------------------------------------
➡️ [TIME = 2025-11-27T03:08:23.332Z, ID = 01KB1MH3D3F8X4ZHJR26FK7PPS]]
Request: GET /api/docs/swagger-ui-standalone-preset.js
Headers: {"host":"localhost:3000","connection":"keep-alive","sec-ch-ua-platform":"\"Linux\"","user-agent":"Mozilla/5.0 (X11; Linux x86_64) AppleWebKit/537.36 (KHTML, like Gecko) Chrome/142.0.0.0 Safari/537.36","sec-ch-ua":"\"Chromium\";v=\"142\", \"Google Chrome\";v=\"142\", \"Not_A Brand\";v=\"99\"","sec-ch-ua-mobile":"?0","accept":"*/*","sec-fetch-site":"same-origin","sec-fetch-mode":"no-cors","sec-fetch-dest":"script","referer":"http://localhost:3000/api/docs/","accept-encoding":"gzip, deflate, br, zstd","accept-language":"vi-VN,vi;q=0.9,fr-FR;q=0.8,fr;q=0.7,en-US;q=0.6,en;q=0.5","cookie":"g_state={\"i_l\":0,\"i_ll\":1764176416174,\"i_b\":\"oX4EoDjwMU5yYeiZVuZXEbGOrKnVtpko/tlpwOrOF6I\"}; sid=4cb045af0d9f49aba108a579ccf7da11","if-none-match":"W/\"3d1df-19ab4bba462\"","if-modified-since":"Mon, 24 Nov 2025 07:19:47 GMT"}
Response: 304 Not Modified; Duration: 1ms
-------------------------------------------------------------------------------------------------------
➡️ [TIME = 2025-11-27T03:08:23.334Z, ID = 01KB1MH3D50NKRBY97ARVG5MXK]]
Request: GET /api/docs/swagger-ui-init.js
Headers: {"host":"localhost:3000","connection":"keep-alive","sec-ch-ua-platform":"\"Linux\"","user-agent":"Mozilla/5.0 (X11; Linux x86_64) AppleWebKit/537.36 (KHTML, like Gecko) Chrome/142.0.0.0 Safari/537.36","sec-ch-ua":"\"Chromium\";v=\"142\", \"Google Chrome\";v=\"142\", \"Not_A Brand\";v=\"99\"","sec-ch-ua-mobile":"?0","accept":"*/*","sec-fetch-site":"same-origin","sec-fetch-mode":"no-cors","sec-fetch-dest":"script","referer":"http://localhost:3000/api/docs/","accept-encoding":"gzip, deflate, br, zstd","accept-language":"vi-VN,vi;q=0.9,fr-FR;q=0.8,fr;q=0.7,en-US;q=0.6,en;q=0.5","cookie":"g_state={\"i_l\":0,\"i_ll\":1764176416174,\"i_b\":\"oX4EoDjwMU5yYeiZVuZXEbGOrKnVtpko/tlpwOrOF6I\"}; sid=4cb045af0d9f49aba108a579ccf7da11","if-none-match":"W/\"2ba0-0ZwEhBZtxhrghN8uOMcVaAqxgyA\""}
Response: 200 OK; Duration: 1ms
-------------------------------------------------------------------------------------------------------
➡️ [TIME = 2025-11-27T03:08:23.436Z, ID = 01KB1MH3GBA3DKHSE95TV451PV]]
Request: GET /api/docs/favicon-32x32.png
Headers: {"host":"localhost:3000","connection":"keep-alive","sec-ch-ua-platform":"\"Linux\"","user-agent":"Mozilla/5.0 (X11; Linux x86_64) AppleWebKit/537.36 (KHTML, like Gecko) Chrome/142.0.0.0 Safari/537.36","sec-ch-ua":"\"Chromium\";v=\"142\", \"Google Chrome\";v=\"142\", \"Not_A Brand\";v=\"99\"","sec-ch-ua-mobile":"?0","accept":"image/avif,image/webp,image/apng,image/svg+xml,image/*,*/*;q=0.8","sec-fetch-site":"same-origin","sec-fetch-mode":"no-cors","sec-fetch-dest":"image","referer":"http://localhost:3000/api/docs/","accept-encoding":"gzip, deflate, br, zstd","accept-language":"vi-VN,vi;q=0.9,fr-FR;q=0.8,fr;q=0.7,en-US;q=0.6,en;q=0.5","cookie":"g_state={\"i_l\":0,\"i_ll\":1764176416174,\"i_b\":\"oX4EoDjwMU5yYeiZVuZXEbGOrKnVtpko/tlpwOrOF6I\"}; sid=4cb045af0d9f49aba108a579ccf7da11","if-none-match":"W/\"274-19ab4bba702\"","if-modified-since":"Mon, 24 Nov 2025 07:19:48 GMT"}
Response: 304 Not Modified; Duration: 1ms
-------------------------------------------------------------------------------------------------------
➡️ [TIME = 2025-11-27T03:08:31.518Z, ID = 01KB1MHBCRVPHKB8SA09EE4FQX]]
Request: GET /api/todolist
Headers: {"host":"localhost:3000","connection":"keep-alive","sec-ch-ua-platform":"\"Linux\"","user-agent":"Mozilla/5.0 (X11; Linux x86_64) AppleWebKit/537.36 (KHTML, like Gecko) Chrome/142.0.0.0 Safari/537.36","accept":"*/*","sec-ch-ua":"\"Chromium\";v=\"142\", \"Google Chrome\";v=\"142\", \"Not_A Brand\";v=\"99\"","sec-ch-ua-mobile":"?0","sec-fetch-site":"same-origin","sec-fetch-mode":"cors","sec-fetch-dest":"empty","referer":"http://localhost:3000/api/docs/","accept-encoding":"gzip, deflate, br, zstd","accept-language":"vi-VN,vi;q=0.9,fr-FR;q=0.8,fr;q=0.7,en-US;q=0.6,en;q=0.5","cookie":"g_state={\"i_l\":0,\"i_ll\":1764176416174,\"i_b\":\"oX4EoDjwMU5yYeiZVuZXEbGOrKnVtpko/tlpwOrOF6I\"}; sid=4cb045af0d9f49aba108a579ccf7da11","if-none-match":"W/\"177-I4aLT0qLBJTHkZsGICO06q/J3ao\""}
Response: 304 Not Modified; Duration: 6ms
-------------------------------------------------------------------------------------------------------
➡️ [TIME = 2025-11-27T03:08:55.103Z, ID = 01KB1MJ2DY6D74M0D5DS4S62N3]]
Request: POST /api/todoitem
Headers: {"host":"localhost:3000","connection":"keep-alive","content-length":"121","sec-ch-ua-platform":"\"Linux\"","user-agent":"Mozilla/5.0 (X11; Linux x86_64) AppleWebKit/537.36 (KHTML, like Gecko) Chrome/142.0.0.0 Safari/537.36","accept":"*/*","sec-ch-ua":"\"Chromium\";v=\"142\", \"Google Chrome\";v=\"142\", \"Not_A Brand\";v=\"99\"","content-type":"application/json","sec-ch-ua-mobile":"?0","origin":"http://localhost:3000","sec-fetch-site":"same-origin","sec-fetch-mode":"cors","sec-fetch-dest":"empty","referer":"http://localhost:3000/api/docs/","accept-encoding":"gzip, deflate, br, zstd","accept-language":"vi-VN,vi;q=0.9,fr-FR;q=0.8,fr;q=0.7,en-US;q=0.6,en;q=0.5","cookie":"g_state={\"i_l\":0,\"i_ll\":1764176416174,\"i_b\":\"oX4EoDjwMU5yYeiZVuZXEbGOrKnVtpko/tlpwOrOF6I\"}; sid=4cb045af0d9f49aba108a579ccf7da11"}
Response: 404 Not Found; Duration: 1ms
-------------------------------------------------------------------------------------------------------
➡️ [TIME = 2025-11-27T03:09:55.356Z, ID = 01KB1MKX8WHN7GAVGKJABDRGFM]]
Request: GET /api/todoitem
Headers: {"host":"localhost:3000","connection":"keep-alive","sec-ch-ua-platform":"\"Linux\"","user-agent":"Mozilla/5.0 (X11; Linux x86_64) AppleWebKit/537.36 (KHTML, like Gecko) Chrome/142.0.0.0 Safari/537.36","accept":"*/*","sec-ch-ua":"\"Chromium\";v=\"142\", \"Google Chrome\";v=\"142\", \"Not_A Brand\";v=\"99\"","sec-ch-ua-mobile":"?0","sec-fetch-site":"same-origin","sec-fetch-mode":"cors","sec-fetch-dest":"empty","referer":"http://localhost:3000/api/docs/","accept-encoding":"gzip, deflate, br, zstd","accept-language":"vi-VN,vi;q=0.9,fr-FR;q=0.8,fr;q=0.7,en-US;q=0.6,en;q=0.5","cookie":"g_state={\"i_l\":0,\"i_ll\":1764176416174,\"i_b\":\"oX4EoDjwMU5yYeiZVuZXEbGOrKnVtpko/tlpwOrOF6I\"}; sid=4cb045af0d9f49aba108a579ccf7da11"}
Response: 404 Not Found; Duration: 0ms
-------------------------------------------------------------------------------------------------------
➡️ [TIME = 2025-11-27T03:10:56.902Z, ID = 01KB1MNSBQ63EZA0CZG357P5K8]]
Request: GET /api/todolist
Headers: {"host":"localhost:3000","connection":"keep-alive","sec-ch-ua-platform":"\"Linux\"","user-agent":"Mozilla/5.0 (X11; Linux x86_64) AppleWebKit/537.36 (KHTML, like Gecko) Chrome/142.0.0.0 Safari/537.36","accept":"*/*","sec-ch-ua":"\"Chromium\";v=\"142\", \"Google Chrome\";v=\"142\", \"Not_A Brand\";v=\"99\"","sec-ch-ua-mobile":"?0","sec-fetch-site":"same-origin","sec-fetch-mode":"cors","sec-fetch-dest":"empty","referer":"http://localhost:3000/api/docs/","accept-encoding":"gzip, deflate, br, zstd","accept-language":"vi-VN,vi;q=0.9,fr-FR;q=0.8,fr;q=0.7,en-US;q=0.6,en;q=0.5","cookie":"g_state={\"i_l\":0,\"i_ll\":1764176416174,\"i_b\":\"oX4EoDjwMU5yYeiZVuZXEbGOrKnVtpko/tlpwOrOF6I\"}; sid=4cb045af0d9f49aba108a579ccf7da11","if-none-match":"W/\"177-I4aLT0qLBJTHkZsGICO06q/J3ao\""}
Response: 304 Not Modified; Duration: 15ms
-------------------------------------------------------------------------------------------------------
➡️ [TIME = 2025-11-27T03:13:02.375Z, ID = 01KB1MSKWXEPBVBZQ4RWJ5ECNX]]
Request: GET /api/todolist
Headers: {"host":"localhost:3000","connection":"keep-alive","sec-ch-ua-platform":"\"Linux\"","user-agent":"Mozilla/5.0 (X11; Linux x86_64) AppleWebKit/537.36 (KHTML, like Gecko) Chrome/142.0.0.0 Safari/537.36","accept":"*/*","sec-ch-ua":"\"Chromium\";v=\"142\", \"Google Chrome\";v=\"142\", \"Not_A Brand\";v=\"99\"","sec-ch-ua-mobile":"?0","sec-fetch-site":"same-origin","sec-fetch-mode":"cors","sec-fetch-dest":"empty","referer":"http://localhost:3000/api/docs/","accept-encoding":"gzip, deflate, br, zstd","accept-language":"vi-VN,vi;q=0.9,fr-FR;q=0.8,fr;q=0.7,en-US;q=0.6,en;q=0.5","cookie":"g_state={\"i_l\":0,\"i_ll\":1764176416174,\"i_b\":\"oX4EoDjwMU5yYeiZVuZXEbGOrKnVtpko/tlpwOrOF6I\"}; sid=4cb045af0d9f49aba108a579ccf7da11","if-none-match":"W/\"177-I4aLT0qLBJTHkZsGICO06q/J3ao\""}
Response: 304 Not Modified; Duration: 10ms
-------------------------------------------------------------------------------------------------------
➡️ [TIME = 2025-11-27T03:14:12.672Z, ID = 01KB1MVRHY55HXQ4PXA0R5QCDD]]
Request: GET /api/docs/
Headers: {"host":"localhost:3000","connection":"keep-alive","cache-control":"max-age=0","sec-ch-ua":"\"Chromium\";v=\"142\", \"Google Chrome\";v=\"142\", \"Not_A Brand\";v=\"99\"","sec-ch-ua-mobile":"?0","sec-ch-ua-platform":"\"Linux\"","upgrade-insecure-requests":"1","user-agent":"Mozilla/5.0 (X11; Linux x86_64) AppleWebKit/537.36 (KHTML, like Gecko) Chrome/142.0.0.0 Safari/537.36","accept":"text/html,application/xhtml+xml,application/xml;q=0.9,image/avif,image/webp,image/apng,*/*;q=0.8,application/signed-exchange;v=b3;q=0.7","sec-fetch-site":"same-origin","sec-fetch-mode":"navigate","sec-fetch-user":"?1","sec-fetch-dest":"document","accept-encoding":"gzip, deflate, br, zstd","accept-language":"vi-VN,vi;q=0.9,fr-FR;q=0.8,fr;q=0.7,en-US;q=0.6,en;q=0.5","cookie":"g_state={\"i_l\":0,\"i_ll\":1764176416174,\"i_b\":\"oX4EoDjwMU5yYeiZVuZXEbGOrKnVtpko/tlpwOrOF6I\"}; sid=4cb045af0d9f49aba108a579ccf7da11","if-none-match":"W/\"c22-H8FH9nKD8DeX/nvIRrte6ZjP2a4\""}
Response: 304 Not Modified; Duration: 2ms
-------------------------------------------------------------------------------------------------------
➡️ [TIME = 2025-11-27T03:14:12.706Z, ID = 01KB1MVRJZE099P6Q1W76C3TQ8]]
Request: GET /api/docs/swagger-ui.css
Headers: {"host":"localhost:3000","connection":"keep-alive","sec-ch-ua-platform":"\"Linux\"","user-agent":"Mozilla/5.0 (X11; Linux x86_64) AppleWebKit/537.36 (KHTML, like Gecko) Chrome/142.0.0.0 Safari/537.36","sec-ch-ua":"\"Chromium\";v=\"142\", \"Google Chrome\";v=\"142\", \"Not_A Brand\";v=\"99\"","sec-ch-ua-mobile":"?0","accept":"text/css,*/*;q=0.1","sec-fetch-site":"same-origin","sec-fetch-mode":"no-cors","sec-fetch-dest":"style","referer":"http://localhost:3000/api/docs/","accept-encoding":"gzip, deflate, br, zstd","accept-language":"vi-VN,vi;q=0.9,fr-FR;q=0.8,fr;q=0.7,en-US;q=0.6,en;q=0.5","cookie":"g_state={\"i_l\":0,\"i_ll\":1764176416174,\"i_b\":\"oX4EoDjwMU5yYeiZVuZXEbGOrKnVtpko/tlpwOrOF6I\"}; sid=4cb045af0d9f49aba108a579ccf7da11","if-none-match":"W/\"25e4c-19ab4bba198\"","if-modified-since":"Mon, 24 Nov 2025 07:19:46 GMT"}
Response: 304 Not Modified; Duration: 3ms
-------------------------------------------------------------------------------------------------------
➡️ [TIME = 2025-11-27T03:14:12.709Z, ID = 01KB1MVRK2E4ZTX5QA6QY9TTZG]]
Request: GET /api/docs/swagger-ui-bundle.js
Headers: {"host":"localhost:3000","connection":"keep-alive","sec-ch-ua-platform":"\"Linux\"","user-agent":"Mozilla/5.0 (X11; Linux x86_64) AppleWebKit/537.36 (KHTML, like Gecko) Chrome/142.0.0.0 Safari/537.36","sec-ch-ua":"\"Chromium\";v=\"142\", \"Google Chrome\";v=\"142\", \"Not_A Brand\";v=\"99\"","sec-ch-ua-mobile":"?0","accept":"*/*","sec-fetch-site":"same-origin","sec-fetch-mode":"no-cors","sec-fetch-dest":"script","referer":"http://localhost:3000/api/docs/","accept-encoding":"gzip, deflate, br, zstd","accept-language":"vi-VN,vi;q=0.9,fr-FR;q=0.8,fr;q=0.7,en-US;q=0.6,en;q=0.5","cookie":"g_state={\"i_l\":0,\"i_ll\":1764176416174,\"i_b\":\"oX4EoDjwMU5yYeiZVuZXEbGOrKnVtpko/tlpwOrOF6I\"}; sid=4cb045af0d9f49aba108a579ccf7da11","if-none-match":"W/\"170b0f-19ab4bba1ed\"","if-modified-since":"Mon, 24 Nov 2025 07:19:46 GMT"}
Response: 304 Not Modified; Duration: 3ms
-------------------------------------------------------------------------------------------------------
➡️ [TIME = 2025-11-27T03:14:12.711Z, ID = 01KB1MVRK6H27TJ7Z0CZ3A24DQ]]
Request: GET /api/docs/swagger-ui-standalone-preset.js
Headers: {"host":"localhost:3000","connection":"keep-alive","sec-ch-ua-platform":"\"Linux\"","user-agent":"Mozilla/5.0 (X11; Linux x86_64) AppleWebKit/537.36 (KHTML, like Gecko) Chrome/142.0.0.0 Safari/537.36","sec-ch-ua":"\"Chromium\";v=\"142\", \"Google Chrome\";v=\"142\", \"Not_A Brand\";v=\"99\"","sec-ch-ua-mobile":"?0","accept":"*/*","sec-fetch-site":"same-origin","sec-fetch-mode":"no-cors","sec-fetch-dest":"script","referer":"http://localhost:3000/api/docs/","accept-encoding":"gzip, deflate, br, zstd","accept-language":"vi-VN,vi;q=0.9,fr-FR;q=0.8,fr;q=0.7,en-US;q=0.6,en;q=0.5","cookie":"g_state={\"i_l\":0,\"i_ll\":1764176416174,\"i_b\":\"oX4EoDjwMU5yYeiZVuZXEbGOrKnVtpko/tlpwOrOF6I\"}; sid=4cb045af0d9f49aba108a579ccf7da11","if-none-match":"W/\"3d1df-19ab4bba462\"","if-modified-since":"Mon, 24 Nov 2025 07:19:47 GMT"}
Response: 304 Not Modified; Duration: 1ms
-------------------------------------------------------------------------------------------------------
➡️ [TIME = 2025-11-27T03:14:12.713Z, ID = 01KB1MVRK84DNF8N9HS3REG83Y]]
Request: GET /api/docs/swagger-ui-init.js
Headers: {"host":"localhost:3000","connection":"keep-alive","sec-ch-ua-platform":"\"Linux\"","user-agent":"Mozilla/5.0 (X11; Linux x86_64) AppleWebKit/537.36 (KHTML, like Gecko) Chrome/142.0.0.0 Safari/537.36","sec-ch-ua":"\"Chromium\";v=\"142\", \"Google Chrome\";v=\"142\", \"Not_A Brand\";v=\"99\"","sec-ch-ua-mobile":"?0","accept":"*/*","sec-fetch-site":"same-origin","sec-fetch-mode":"no-cors","sec-fetch-dest":"script","referer":"http://localhost:3000/api/docs/","accept-encoding":"gzip, deflate, br, zstd","accept-language":"vi-VN,vi;q=0.9,fr-FR;q=0.8,fr;q=0.7,en-US;q=0.6,en;q=0.5","cookie":"g_state={\"i_l\":0,\"i_ll\":1764176416174,\"i_b\":\"oX4EoDjwMU5yYeiZVuZXEbGOrKnVtpko/tlpwOrOF6I\"}; sid=4cb045af0d9f49aba108a579ccf7da11","if-none-match":"W/\"3a2c-WL6iiEMZ+olpIySM5EQgOXuGiGg\""}
Response: 200 OK; Duration: 1ms
-------------------------------------------------------------------------------------------------------
➡️ [TIME = 2025-11-27T03:14:12.813Z, ID = 01KB1MVRPCTR6WVQ7ABR7W0GPB]]
Request: GET /api/docs/favicon-32x32.png
Headers: {"host":"localhost:3000","connection":"keep-alive","sec-ch-ua-platform":"\"Linux\"","user-agent":"Mozilla/5.0 (X11; Linux x86_64) AppleWebKit/537.36 (KHTML, like Gecko) Chrome/142.0.0.0 Safari/537.36","sec-ch-ua":"\"Chromium\";v=\"142\", \"Google Chrome\";v=\"142\", \"Not_A Brand\";v=\"99\"","sec-ch-ua-mobile":"?0","accept":"image/avif,image/webp,image/apng,image/svg+xml,image/*,*/*;q=0.8","sec-fetch-site":"same-origin","sec-fetch-mode":"no-cors","sec-fetch-dest":"image","referer":"http://localhost:3000/api/docs/","accept-encoding":"gzip, deflate, br, zstd","accept-language":"vi-VN,vi;q=0.9,fr-FR;q=0.8,fr;q=0.7,en-US;q=0.6,en;q=0.5","cookie":"g_state={\"i_l\":0,\"i_ll\":1764176416174,\"i_b\":\"oX4EoDjwMU5yYeiZVuZXEbGOrKnVtpko/tlpwOrOF6I\"}; sid=4cb045af0d9f49aba108a579ccf7da11","if-none-match":"W/\"274-19ab4bba702\"","if-modified-since":"Mon, 24 Nov 2025 07:19:48 GMT"}
Response: 304 Not Modified; Duration: 1ms
-------------------------------------------------------------------------------------------------------
➡️ [TIME = 2025-11-27T03:14:15.957Z, ID = 01KB1MVVRCP7HDWJXY4096ARF5]]
Request: GET /api/todoitem
Headers: {"host":"localhost:3000","connection":"keep-alive","sec-ch-ua-platform":"\"Linux\"","user-agent":"Mozilla/5.0 (X11; Linux x86_64) AppleWebKit/537.36 (KHTML, like Gecko) Chrome/142.0.0.0 Safari/537.36","accept":"*/*","sec-ch-ua":"\"Chromium\";v=\"142\", \"Google Chrome\";v=\"142\", \"Not_A Brand\";v=\"99\"","sec-ch-ua-mobile":"?0","sec-fetch-site":"same-origin","sec-fetch-mode":"cors","sec-fetch-dest":"empty","referer":"http://localhost:3000/api/docs/","accept-encoding":"gzip, deflate, br, zstd","accept-language":"vi-VN,vi;q=0.9,fr-FR;q=0.8,fr;q=0.7,en-US;q=0.6,en;q=0.5","cookie":"g_state={\"i_l\":0,\"i_ll\":1764176416174,\"i_b\":\"oX4EoDjwMU5yYeiZVuZXEbGOrKnVtpko/tlpwOrOF6I\"}; sid=4cb045af0d9f49aba108a579ccf7da11"}
Response: 200 OK; Duration: 9ms
-------------------------------------------------------------------------------------------------------
➡️ [TIME = 2025-11-27T03:14:45.508Z, ID = 01KB1MWRKWRKV0HWCVE4GEM0YN]]
Request: GET /api/todoitem
Headers: {"host":"localhost:3000","connection":"keep-alive","sec-ch-ua-platform":"\"Linux\"","user-agent":"Mozilla/5.0 (X11; Linux x86_64) AppleWebKit/537.36 (KHTML, like Gecko) Chrome/142.0.0.0 Safari/537.36","accept":"*/*","sec-ch-ua":"\"Chromium\";v=\"142\", \"Google Chrome\";v=\"142\", \"Not_A Brand\";v=\"99\"","sec-ch-ua-mobile":"?0","sec-fetch-site":"same-origin","sec-fetch-mode":"cors","sec-fetch-dest":"empty","referer":"http://localhost:3000/api/docs/","accept-encoding":"gzip, deflate, br, zstd","accept-language":"vi-VN,vi;q=0.9,fr-FR;q=0.8,fr;q=0.7,en-US;q=0.6,en;q=0.5","cookie":"g_state={\"i_l\":0,\"i_ll\":1764176416174,\"i_b\":\"oX4EoDjwMU5yYeiZVuZXEbGOrKnVtpko/tlpwOrOF6I\"}; sid=4cb045af0d9f49aba108a579ccf7da11","if-none-match":"W/\"3-n5rwKVhboBTgfNORDKl2z1YWBhY\""}
Response: 304 Not Modified; Duration: 8ms
-------------------------------------------------------------------------------------------------------
➡️ [TIME = 2025-11-27T03:14:56.123Z, ID = 01KB1MX2ZK5771GEHRNE4QBZ2K]]
Request: GET /api/todoitem
Headers: {"host":"localhost:3000","connection":"keep-alive","sec-ch-ua-platform":"\"Linux\"","user-agent":"Mozilla/5.0 (X11; Linux x86_64) AppleWebKit/537.36 (KHTML, like Gecko) Chrome/142.0.0.0 Safari/537.36","accept":"*/*","sec-ch-ua":"\"Chromium\";v=\"142\", \"Google Chrome\";v=\"142\", \"Not_A Brand\";v=\"99\"","sec-ch-ua-mobile":"?0","sec-fetch-site":"same-origin","sec-fetch-mode":"cors","sec-fetch-dest":"empty","referer":"http://localhost:3000/api/docs/","accept-encoding":"gzip, deflate, br, zstd","accept-language":"vi-VN,vi;q=0.9,fr-FR;q=0.8,fr;q=0.7,en-US;q=0.6,en;q=0.5","cookie":"g_state={\"i_l\":0,\"i_ll\":1764176416174,\"i_b\":\"oX4EoDjwMU5yYeiZVuZXEbGOrKnVtpko/tlpwOrOF6I\"}; sid=4cb045af0d9f49aba108a579ccf7da11","if-none-match":"W/\"3-n5rwKVhboBTgfNORDKl2z1YWBhY\""}
Response: 304 Not Modified; Duration: 8ms
-------------------------------------------------------------------------------------------------------
➡️ [TIME = 2025-11-27T03:57:58.457Z, ID = 01KB1QBWSPW0PA29NSDRF1JB2V]]
Request: GET /api/docs
Headers: {"host":"localhost:3000","connection":"keep-alive","sec-ch-ua":"\"Chromium\";v=\"142\", \"Google Chrome\";v=\"142\", \"Not_A Brand\";v=\"99\"","sec-ch-ua-mobile":"?0","sec-ch-ua-platform":"\"Linux\"","upgrade-insecure-requests":"1","user-agent":"Mozilla/5.0 (X11; Linux x86_64) AppleWebKit/537.36 (KHTML, like Gecko) Chrome/142.0.0.0 Safari/537.36","accept":"text/html,application/xhtml+xml,application/xml;q=0.9,image/avif,image/webp,image/apng,*/*;q=0.8,application/signed-exchange;v=b3;q=0.7","sec-fetch-site":"none","sec-fetch-mode":"navigate","sec-fetch-user":"?1","sec-fetch-dest":"document","accept-encoding":"gzip, deflate, br, zstd","accept-language":"vi-VN,vi;q=0.9,fr-FR;q=0.8,fr;q=0.7,en-US;q=0.6,en;q=0.5","cookie":"g_state={\"i_l\":0,\"i_ll\":1764176416174,\"i_b\":\"oX4EoDjwMU5yYeiZVuZXEbGOrKnVtpko/tlpwOrOF6I\"}; sid=4cb045af0d9f49aba108a579ccf7da11"}
Response: 301 Moved Permanently; Duration: 3ms
-------------------------------------------------------------------------------------------------------
➡️ [TIME = 2025-11-27T03:57:58.461Z, ID = 01KB1QBWSVV6GK003J3NNSGAPR]]
Request: GET /api/docs/
Headers: {"host":"localhost:3000","connection":"keep-alive","upgrade-insecure-requests":"1","user-agent":"Mozilla/5.0 (X11; Linux x86_64) AppleWebKit/537.36 (KHTML, like Gecko) Chrome/142.0.0.0 Safari/537.36","accept":"text/html,application/xhtml+xml,application/xml;q=0.9,image/avif,image/webp,image/apng,*/*;q=0.8,application/signed-exchange;v=b3;q=0.7","sec-fetch-site":"none","sec-fetch-mode":"navigate","sec-fetch-user":"?1","sec-fetch-dest":"document","sec-ch-ua":"\"Chromium\";v=\"142\", \"Google Chrome\";v=\"142\", \"Not_A Brand\";v=\"99\"","sec-ch-ua-mobile":"?0","sec-ch-ua-platform":"\"Linux\"","accept-encoding":"gzip, deflate, br, zstd","accept-language":"vi-VN,vi;q=0.9,fr-FR;q=0.8,fr;q=0.7,en-US;q=0.6,en;q=0.5","cookie":"g_state={\"i_l\":0,\"i_ll\":1764176416174,\"i_b\":\"oX4EoDjwMU5yYeiZVuZXEbGOrKnVtpko/tlpwOrOF6I\"}; sid=4cb045af0d9f49aba108a579ccf7da11"}
Response: 200 OK; Duration: 2ms
-------------------------------------------------------------------------------------------------------
➡️ [TIME = 2025-11-27T03:57:58.485Z, ID = 01KB1QBWTM5RNCPDJFYP0XED20]]
Request: GET /api/docs/swagger-ui.css
Headers: {"host":"localhost:3000","connection":"keep-alive","sec-ch-ua-platform":"\"Linux\"","user-agent":"Mozilla/5.0 (X11; Linux x86_64) AppleWebKit/537.36 (KHTML, like Gecko) Chrome/142.0.0.0 Safari/537.36","sec-ch-ua":"\"Chromium\";v=\"142\", \"Google Chrome\";v=\"142\", \"Not_A Brand\";v=\"99\"","sec-ch-ua-mobile":"?0","accept":"text/css,*/*;q=0.1","sec-fetch-site":"same-origin","sec-fetch-mode":"no-cors","sec-fetch-dest":"style","referer":"http://localhost:3000/api/docs/","accept-encoding":"gzip, deflate, br, zstd","accept-language":"vi-VN,vi;q=0.9,fr-FR;q=0.8,fr;q=0.7,en-US;q=0.6,en;q=0.5","cookie":"g_state={\"i_l\":0,\"i_ll\":1764176416174,\"i_b\":\"oX4EoDjwMU5yYeiZVuZXEbGOrKnVtpko/tlpwOrOF6I\"}; sid=4cb045af0d9f49aba108a579ccf7da11","if-none-match":"W/\"25e4c-19ab4bba198\"","if-modified-since":"Mon, 24 Nov 2025 07:19:46 GMT"}
Response: 304 Not Modified; Duration: 1ms
-------------------------------------------------------------------------------------------------------
➡️ [TIME = 2025-11-27T03:57:58.487Z, ID = 01KB1QBWTP9NGG95SKV1X6E8X5]]
Request: GET /api/docs/swagger-ui-bundle.js
Headers: {"host":"localhost:3000","connection":"keep-alive","sec-ch-ua-platform":"\"Linux\"","user-agent":"Mozilla/5.0 (X11; Linux x86_64) AppleWebKit/537.36 (KHTML, like Gecko) Chrome/142.0.0.0 Safari/537.36","sec-ch-ua":"\"Chromium\";v=\"142\", \"Google Chrome\";v=\"142\", \"Not_A Brand\";v=\"99\"","sec-ch-ua-mobile":"?0","accept":"*/*","sec-fetch-site":"same-origin","sec-fetch-mode":"no-cors","sec-fetch-dest":"script","referer":"http://localhost:3000/api/docs/","accept-encoding":"gzip, deflate, br, zstd","accept-language":"vi-VN,vi;q=0.9,fr-FR;q=0.8,fr;q=0.7,en-US;q=0.6,en;q=0.5","cookie":"g_state={\"i_l\":0,\"i_ll\":1764176416174,\"i_b\":\"oX4EoDjwMU5yYeiZVuZXEbGOrKnVtpko/tlpwOrOF6I\"}; sid=4cb045af0d9f49aba108a579ccf7da11","if-none-match":"W/\"170b0f-19ab4bba1ed\"","if-modified-since":"Mon, 24 Nov 2025 07:19:46 GMT"}
Response: 304 Not Modified; Duration: 1ms
-------------------------------------------------------------------------------------------------------
➡️ [TIME = 2025-11-27T03:57:58.489Z, ID = 01KB1QBWTRZDEXY7K6PBNRJYRY]]
Request: GET /api/docs/swagger-ui-standalone-preset.js
Headers: {"host":"localhost:3000","connection":"keep-alive","sec-ch-ua-platform":"\"Linux\"","user-agent":"Mozilla/5.0 (X11; Linux x86_64) AppleWebKit/537.36 (KHTML, like Gecko) Chrome/142.0.0.0 Safari/537.36","sec-ch-ua":"\"Chromium\";v=\"142\", \"Google Chrome\";v=\"142\", \"Not_A Brand\";v=\"99\"","sec-ch-ua-mobile":"?0","accept":"*/*","sec-fetch-site":"same-origin","sec-fetch-mode":"no-cors","sec-fetch-dest":"script","referer":"http://localhost:3000/api/docs/","accept-encoding":"gzip, deflate, br, zstd","accept-language":"vi-VN,vi;q=0.9,fr-FR;q=0.8,fr;q=0.7,en-US;q=0.6,en;q=0.5","cookie":"g_state={\"i_l\":0,\"i_ll\":1764176416174,\"i_b\":\"oX4EoDjwMU5yYeiZVuZXEbGOrKnVtpko/tlpwOrOF6I\"}; sid=4cb045af0d9f49aba108a579ccf7da11","if-none-match":"W/\"3d1df-19ab4bba462\"","if-modified-since":"Mon, 24 Nov 2025 07:19:47 GMT"}
Response: 304 Not Modified; Duration: 1ms
-------------------------------------------------------------------------------------------------------
➡️ [TIME = 2025-11-27T03:57:58.490Z, ID = 01KB1QBWTS36A1GDW8G9ESV5EC]]
Request: GET /api/docs/swagger-ui-init.js
Headers: {"host":"localhost:3000","connection":"keep-alive","sec-ch-ua-platform":"\"Linux\"","user-agent":"Mozilla/5.0 (X11; Linux x86_64) AppleWebKit/537.36 (KHTML, like Gecko) Chrome/142.0.0.0 Safari/537.36","sec-ch-ua":"\"Chromium\";v=\"142\", \"Google Chrome\";v=\"142\", \"Not_A Brand\";v=\"99\"","sec-ch-ua-mobile":"?0","accept":"*/*","sec-fetch-site":"same-origin","sec-fetch-mode":"no-cors","sec-fetch-dest":"script","referer":"http://localhost:3000/api/docs/","accept-encoding":"gzip, deflate, br, zstd","accept-language":"vi-VN,vi;q=0.9,fr-FR;q=0.8,fr;q=0.7,en-US;q=0.6,en;q=0.5","cookie":"g_state={\"i_l\":0,\"i_ll\":1764176416174,\"i_b\":\"oX4EoDjwMU5yYeiZVuZXEbGOrKnVtpko/tlpwOrOF6I\"}; sid=4cb045af0d9f49aba108a579ccf7da11","if-none-match":"W/\"3a34-wWsrYKccF/v31DrbgTIbyljvfQ8\""}
Response: 200 OK; Duration: 1ms
-------------------------------------------------------------------------------------------------------
➡️ [TIME = 2025-11-27T03:57:58.580Z, ID = 01KB1QBWXKS15S1RJPZ6CHZ5Y4]]
Request: GET /api/docs/favicon-32x32.png
Headers: {"host":"localhost:3000","connection":"keep-alive","sec-ch-ua-platform":"\"Linux\"","user-agent":"Mozilla/5.0 (X11; Linux x86_64) AppleWebKit/537.36 (KHTML, like Gecko) Chrome/142.0.0.0 Safari/537.36","sec-ch-ua":"\"Chromium\";v=\"142\", \"Google Chrome\";v=\"142\", \"Not_A Brand\";v=\"99\"","sec-ch-ua-mobile":"?0","accept":"image/avif,image/webp,image/apng,image/svg+xml,image/*,*/*;q=0.8","sec-fetch-site":"same-origin","sec-fetch-mode":"no-cors","sec-fetch-dest":"image","referer":"http://localhost:3000/api/docs/","accept-encoding":"gzip, deflate, br, zstd","accept-language":"vi-VN,vi;q=0.9,fr-FR;q=0.8,fr;q=0.7,en-US;q=0.6,en;q=0.5","cookie":"g_state={\"i_l\":0,\"i_ll\":1764176416174,\"i_b\":\"oX4EoDjwMU5yYeiZVuZXEbGOrKnVtpko/tlpwOrOF6I\"}; sid=4cb045af0d9f49aba108a579ccf7da11","if-none-match":"W/\"274-19ab4bba702\"","if-modified-since":"Mon, 24 Nov 2025 07:19:48 GMT"}
Response: 304 Not Modified; Duration: 1ms
-------------------------------------------------------------------------------------------------------
➡️ [TIME = 2025-11-27T03:58:17.621Z, ID = 01KB1QCFFRGDBS9HBZPQJ8G7XN]]
Request: GET /api/todolist
Headers: {"host":"localhost:3000","connection":"keep-alive","sec-ch-ua-platform":"\"Linux\"","user-agent":"Mozilla/5.0 (X11; Linux x86_64) AppleWebKit/537.36 (KHTML, like Gecko) Chrome/142.0.0.0 Safari/537.36","accept":"*/*","sec-ch-ua":"\"Chromium\";v=\"142\", \"Google Chrome\";v=\"142\", \"Not_A Brand\";v=\"99\"","sec-ch-ua-mobile":"?0","sec-fetch-site":"same-origin","sec-fetch-mode":"cors","sec-fetch-dest":"empty","referer":"http://localhost:3000/api/docs/","accept-encoding":"gzip, deflate, br, zstd","accept-language":"vi-VN,vi;q=0.9,fr-FR;q=0.8,fr;q=0.7,en-US;q=0.6,en;q=0.5","cookie":"g_state={\"i_l\":0,\"i_ll\":1764176416174,\"i_b\":\"oX4EoDjwMU5yYeiZVuZXEbGOrKnVtpko/tlpwOrOF6I\"}; sid=4cb045af0d9f49aba108a579ccf7da11"}
Response: 200 OK; Duration: 29ms
-------------------------------------------------------------------------------------------------------
➡️ [TIME = 2025-11-27T03:58:24.675Z, ID = 01KB1QCPD1QPE8MQQGTJVS654K]]
Request: GET /api/todoitem
Headers: {"host":"localhost:3000","connection":"keep-alive","sec-ch-ua-platform":"\"Linux\"","user-agent":"Mozilla/5.0 (X11; Linux x86_64) AppleWebKit/537.36 (KHTML, like Gecko) Chrome/142.0.0.0 Safari/537.36","accept":"*/*","sec-ch-ua":"\"Chromium\";v=\"142\", \"Google Chrome\";v=\"142\", \"Not_A Brand\";v=\"99\"","sec-ch-ua-mobile":"?0","sec-fetch-site":"same-origin","sec-fetch-mode":"cors","sec-fetch-dest":"empty","referer":"http://localhost:3000/api/docs/","accept-encoding":"gzip, deflate, br, zstd","accept-language":"vi-VN,vi;q=0.9,fr-FR;q=0.8,fr;q=0.7,en-US;q=0.6,en;q=0.5","cookie":"g_state={\"i_l\":0,\"i_ll\":1764176416174,\"i_b\":\"oX4EoDjwMU5yYeiZVuZXEbGOrKnVtpko/tlpwOrOF6I\"}; sid=4cb045af0d9f49aba108a579ccf7da11"}
Response: 200 OK; Duration: 2ms
-------------------------------------------------------------------------------------------------------
➡️ [TIME = 2025-11-27T03:58:34.967Z, ID = 01KB1QD0EAPZR370NRESGDESQ0]]
Request: POST /api/todoitem
Headers: {"host":"localhost:3000","connection":"keep-alive","content-length":"123","sec-ch-ua-platform":"\"Linux\"","user-agent":"Mozilla/5.0 (X11; Linux x86_64) AppleWebKit/537.36 (KHTML, like Gecko) Chrome/142.0.0.0 Safari/537.36","accept":"*/*","sec-ch-ua":"\"Chromium\";v=\"142\", \"Google Chrome\";v=\"142\", \"Not_A Brand\";v=\"99\"","content-type":"application/json","sec-ch-ua-mobile":"?0","origin":"http://localhost:3000","sec-fetch-site":"same-origin","sec-fetch-mode":"cors","sec-fetch-dest":"empty","referer":"http://localhost:3000/api/docs/","accept-encoding":"gzip, deflate, br, zstd","accept-language":"vi-VN,vi;q=0.9,fr-FR;q=0.8,fr;q=0.7,en-US;q=0.6,en;q=0.5","cookie":"g_state={\"i_l\":0,\"i_ll\":1764176416174,\"i_b\":\"oX4EoDjwMU5yYeiZVuZXEbGOrKnVtpko/tlpwOrOF6I\"}; sid=4cb045af0d9f49aba108a579ccf7da11"}
Response: 201 Created; Duration: 13ms
-------------------------------------------------------------------------------------------------------
➡️ [TIME = 2025-11-27T03:59:36.090Z, ID = 01KB1QEW4GSKMCAA7CMWWSYVTH]]
Request: GET /api/todoitem
Headers: {"host":"localhost:3000","connection":"keep-alive","sec-ch-ua-platform":"\"Linux\"","user-agent":"Mozilla/5.0 (X11; Linux x86_64) AppleWebKit/537.36 (KHTML, like Gecko) Chrome/142.0.0.0 Safari/537.36","accept":"*/*","sec-ch-ua":"\"Chromium\";v=\"142\", \"Google Chrome\";v=\"142\", \"Not_A Brand\";v=\"99\"","sec-ch-ua-mobile":"?0","sec-fetch-site":"same-origin","sec-fetch-mode":"cors","sec-fetch-dest":"empty","referer":"http://localhost:3000/api/docs/","accept-encoding":"gzip, deflate, br, zstd","accept-language":"vi-VN,vi;q=0.9,fr-FR;q=0.8,fr;q=0.7,en-US;q=0.6,en;q=0.5","cookie":"g_state={\"i_l\":0,\"i_ll\":1764176416174,\"i_b\":\"oX4EoDjwMU5yYeiZVuZXEbGOrKnVtpko/tlpwOrOF6I\"}; sid=4cb045af0d9f49aba108a579ccf7da11"}
Response: 200 OK; Duration: 10ms
-------------------------------------------------------------------------------------------------------
➡️ [TIME = 2025-11-27T03:59:38.425Z, ID = 01KB1QEYCRTAH59SFXTZACKBFS]]
Request: POST /api/todoitem
Headers: {"host":"localhost:3000","connection":"keep-alive","content-length":"123","sec-ch-ua-platform":"\"Linux\"","user-agent":"Mozilla/5.0 (X11; Linux x86_64) AppleWebKit/537.36 (KHTML, like Gecko) Chrome/142.0.0.0 Safari/537.36","accept":"*/*","sec-ch-ua":"\"Chromium\";v=\"142\", \"Google Chrome\";v=\"142\", \"Not_A Brand\";v=\"99\"","content-type":"application/json","sec-ch-ua-mobile":"?0","origin":"http://localhost:3000","sec-fetch-site":"same-origin","sec-fetch-mode":"cors","sec-fetch-dest":"empty","referer":"http://localhost:3000/api/docs/","accept-encoding":"gzip, deflate, br, zstd","accept-language":"vi-VN,vi;q=0.9,fr-FR;q=0.8,fr;q=0.7,en-US;q=0.6,en;q=0.5","cookie":"g_state={\"i_l\":0,\"i_ll\":1764176416174,\"i_b\":\"oX4EoDjwMU5yYeiZVuZXEbGOrKnVtpko/tlpwOrOF6I\"}; sid=4cb045af0d9f49aba108a579ccf7da11"}
Response: 201 Created; Duration: 33ms
-------------------------------------------------------------------------------------------------------
➡️ [TIME = 2025-11-27T04:00:07.934Z, ID = 01KB1QFV7DZAG4NTJYA1WFGE7J]]
Request: POST /api/todoitem
Headers: {"host":"localhost:3000","connection":"keep-alive","content-length":"123","sec-ch-ua-platform":"\"Linux\"","user-agent":"Mozilla/5.0 (X11; Linux x86_64) AppleWebKit/537.36 (KHTML, like Gecko) Chrome/142.0.0.0 Safari/537.36","accept":"*/*","sec-ch-ua":"\"Chromium\";v=\"142\", \"Google Chrome\";v=\"142\", \"Not_A Brand\";v=\"99\"","content-type":"application/json","sec-ch-ua-mobile":"?0","origin":"http://localhost:3000","sec-fetch-site":"same-origin","sec-fetch-mode":"cors","sec-fetch-dest":"empty","referer":"http://localhost:3000/api/docs/","accept-encoding":"gzip, deflate, br, zstd","accept-language":"vi-VN,vi;q=0.9,fr-FR;q=0.8,fr;q=0.7,en-US;q=0.6,en;q=0.5","cookie":"g_state={\"i_l\":0,\"i_ll\":1764176416174,\"i_b\":\"oX4EoDjwMU5yYeiZVuZXEbGOrKnVtpko/tlpwOrOF6I\"}; sid=4cb045af0d9f49aba108a579ccf7da11"}
Response: 201 Created; Duration: 17ms
-------------------------------------------------------------------------------------------------------
